<?xml version="1.0" encoding="UTF-8"?>
<!-- Generated by org.testng.reporters.JUnitXMLReporter -->
<testsuite hostname="BRDLION" ignored="1" name="Default test" tests="3" failures="0" timestamp="11 May 2019 13:00:19 GMT" time="0.041" errors="0">
  <testcase name="One" time="0.006" classname="automatonFramework.Skippingtestcase"/>
  <testcase name="Two" time="0.004" classname="automatonFramework.Skippingtestcase"/>
  <testcase name="Four" time="0.002" classname="automatonFramework.Skippingtestcase"/>
  <testcase name="Three" time="0.0" classname="automatonFramework.Skippingtestcase">
    <ignored/>
  </testcase> <!-- Three -->
</testsuite> <!-- Default test -->
