<?xml version="1.0" encoding="UTF-8"?>
<!-- Generated by org.testng.reporters.JUnitXMLReporter -->
<testsuite hostname="BRDLION" ignored="0" name="Practice Grouping" tests="5" failures="0" timestamp="12 May 2019 05:26:07 GMT" time="0.035" errors="0">
  <testcase name="Car1" time="0.006" classname="automatonFramework.Grouping"/>
  <testcase name="Car2" time="0.002" classname="automatonFramework.Grouping"/>
  <testcase name="Scooter1" time="0.001" classname="automatonFramework.Grouping"/>
  <testcase name="Scooter2" time="0.001" classname="automatonFramework.Grouping"/>
  <testcase name="Sedan1" time="0.001" classname="automatonFramework.Grouping"/>
</testsuite> <!-- Practice Grouping -->
